
=== Thu Oct  5 15:08:35 2023

Packages were changed.
Update Mode: updateDependencies

The following packages were updated:
  com.unity.test-framework from version 1.1.31 to 1.1.33

=== Tue Oct 31 12:47:32 2023

Packages were changed.
Update Mode: updateDependencies

The following packages were added:
  com.unity.ai.navigation@2.0.0-pre.3
The following packages were updated:
  com.unity.ext.nunit from version 1.0.6 to 2.0.5
  com.unity.test-framework from version 1.1.33 to 1.3.7
  com.unity.timeline from version 1.4.8 to 1.8.4
  com.unity.ugui from version 1.0.0 to 2.0.0
  com.unity.visualeffectgraph from version 10.10.1 to 16.0.3
  com.unity.xr.arcore from version 4.1.13 to 5.1.0-pre.8
  com.unity.xr.arkit-face-tracking from version 4.2.3 to 5.0.2
The following packages were removed:
  com.unity.subsystemregistration@1.1.1

=== Tue Oct 31 13:04:26 2023

Packages were changed.
Update Mode: updateDependencies

The following packages were updated:
  com.unity.xr.arcore from version 5.1.0-pre.8 to 5.1.0
